<?xml version="1.0" encoding="UTF-8"?>
<!-- Generated by org.testng.reporters.JUnitReportReporter -->
<testsuite hostname="Homes-Air.fios-router.home" failures="0" tests="2" name="test.CreateAccount" time="2.894" errors="0" timestamp="2019-11-27T12:23:21 EST" skipped="0">
  <testcase classname="test.CreateAccount" name="registrationFormSubmission" time="2.854"/>
  <testcase classname="test.CreateAccount" name="registrationFormUIValidation" time="0.040"/>
</testsuite> <!-- test.CreateAccount -->
