<?xml version="1.0" encoding="UTF-8"?>
<!-- Generated by org.testng.reporters.JUnitReportReporter -->
<testsuite hostname="Homes-Air.fios-router.home" failures="0" tests="2" name="test.CreateAccount" time="0.000" errors="0" timestamp="2019-11-27T18:52:56 EST" skipped="2">
  <testcase classname="test.CreateAccount" name="registrationFormUIValidation" time="0.000">
    <skipped/>
  </testcase> <!-- registrationFormUIValidation -->
  <testcase classname="test.CreateAccount" name="registrationFormSubmission" time="0.000">
    <skipped/>
  </testcase> <!-- registrationFormSubmission -->
</testsuite> <!-- test.CreateAccount -->
