<?xml version="1.0" encoding="UTF-8"?>
<!-- Generated by org.testng.reporters.JUnitReportReporter -->
<testsuite hostname="Homes-Air.fios-router.home" failures="0" tests="1" name="com.demosite.fiveelements.CreateNewAccount" time="0.009" errors="0" timestamp="2019-11-20T16:18:05 EST" skipped="0">
  <testcase classname="com.demosite.fiveelements.CreateNewAccount" name="completeAndSubmitForm" time="0.009"/>
</testsuite> <!-- com.demosite.fiveelements.CreateNewAccount -->
