<?xml version="1.0" encoding="UTF-8"?>
<!-- Generated by org.testng.reporters.JUnitReportReporter -->
<testsuite hostname="Homes-Air.fios-router.home" failures="0" tests="2" name="test.CreateAccount" time="3.115" errors="0" timestamp="2019-11-21T12:45:40 EST" skipped="0">
  <testcase classname="test.CreateAccount" name="registrationFormUI" time="0.042"/>
  <testcase classname="test.CreateAccount" name="registrationFormSubmission" time="3.073"/>
</testsuite> <!-- test.CreateAccount -->
