<?xml version="1.0" encoding="UTF-8"?>
<!-- Generated by org.testng.reporters.JUnitReportReporter -->
<testsuite hostname="Homes-Air.fios-router.home" failures="0" tests="2" name="test.CreateAccount" time="2.774" errors="0" timestamp="2019-11-20T22:16:51 EST" skipped="0">
  <testcase classname="test.CreateAccount" name="registrationFormUI" time="0.036"/>
  <testcase classname="test.CreateAccount" name="registrationFormSubmission" time="2.738"/>
</testsuite> <!-- test.CreateAccount -->
