<?xml version="1.0" encoding="UTF-8"?>
<!-- Generated by org.testng.reporters.JUnitReportReporter -->
<testsuite hostname="Homes-Air.fios-router.home" failures="0" tests="1" name="test.CheckoutFlow" time="12.529" errors="0" timestamp="2019-11-27T19:03:43 EST" skipped="0">
  <testcase classname="test.CheckoutFlow" name="itemPurchaseTest" time="12.529"/>
</testsuite> <!-- test.CheckoutFlow -->
