<?xml version="1.0" encoding="UTF-8"?>
<!-- Generated by org.testng.reporters.JUnitReportReporter -->
<testsuite hostname="Homes-MacBook-Air.local" failures="0" tests="1" name="firsttestngpackage.firstTestNGClass" time="0.017" errors="0" timestamp="2019-11-18T20:12:30 EST" skipped="0">
  <testcase classname="firsttestngpackage.firstTestNGClass" name="verifyHomepageTitle" time="0.017"/>
</testsuite> <!-- firsttestngpackage.firstTestNGClass -->
