<?xml version="1.0" encoding="UTF-8"?>
<!-- Generated by org.testng.reporters.JUnitReportReporter -->
<testsuite hostname="Homes-Air.fios-router.home" failures="0" tests="2" name="com.demosite.fiveelements.CreateAccount" time="1.005" errors="0" timestamp="2019-11-20T21:14:25 EST" skipped="0">
  <testcase classname="com.demosite.fiveelements.CreateAccount" name="registrationFormUI" time="0.034"/>
  <testcase classname="com.demosite.fiveelements.CreateAccount" name="registrationFormSubmission" time="0.971"/>
</testsuite> <!-- com.demosite.fiveelements.CreateAccount -->
