<?xml version="1.0" encoding="UTF-8"?>
<!-- Generated by org.testng.reporters.JUnitReportReporter -->
<testsuite hostname="Homes-Air.fios-router.home" failures="0" tests="2" name="test.CreateAccount2" time="2.916" errors="0" timestamp="2019-11-20T22:15:32 EST" skipped="0">
  <testcase classname="test.CreateAccount2" name="registrationFormUI" time="0.037"/>
  <testcase classname="test.CreateAccount2" name="registrationFormSubmission" time="2.879"/>
</testsuite> <!-- test.CreateAccount2 -->
